[2026-01-24T19:53:06.845+0000] {processor.py:161} INFO - Started process (PID=164) to work on /opt/airflow/dags/ad_events_pipeline.py
[2026-01-24T19:53:06.846+0000] {processor.py:830} INFO - Processing file /opt/airflow/dags/ad_events_pipeline.py for tasks to queue
[2026-01-24T19:53:06.847+0000] {logging_mixin.py:188} INFO - [2026-01-24T19:53:06.847+0000] {dagbag.py:545} INFO - Filling up the DagBag from /opt/airflow/dags/ad_events_pipeline.py
[2026-01-24T19:53:06.863+0000] {processor.py:840} INFO - DAG(s) 'ad_events_pipeline' retrieved from /opt/airflow/dags/ad_events_pipeline.py
[2026-01-24T19:53:06.990+0000] {logging_mixin.py:188} INFO - [2026-01-24T19:53:06.990+0000] {override.py:1858} INFO - Created Permission View: can delete on DAG:ad_events_pipeline
[2026-01-24T19:53:06.994+0000] {logging_mixin.py:188} INFO - [2026-01-24T19:53:06.994+0000] {override.py:1858} INFO - Created Permission View: can edit on DAG:ad_events_pipeline
[2026-01-24T19:53:06.996+0000] {logging_mixin.py:188} INFO - [2026-01-24T19:53:06.996+0000] {override.py:1858} INFO - Created Permission View: can read on DAG:ad_events_pipeline
[2026-01-24T19:53:06.996+0000] {logging_mixin.py:188} INFO - [2026-01-24T19:53:06.996+0000] {dag.py:3089} INFO - Sync 1 DAGs
[2026-01-24T19:53:07.001+0000] {logging_mixin.py:188} INFO - [2026-01-24T19:53:07.001+0000] {dag.py:3111} INFO - Creating ORM DAG for ad_events_pipeline
[2026-01-24T19:53:07.001+0000] {logging_mixin.py:188} INFO - [2026-01-24T19:53:07.001+0000] {dag.py:3947} INFO - Setting next_dagrun for ad_events_pipeline to None, run_after=None
[2026-01-24T19:53:07.009+0000] {processor.py:183} INFO - Processing /opt/airflow/dags/ad_events_pipeline.py took 0.168 seconds
[2026-01-24T19:53:37.061+0000] {processor.py:161} INFO - Started process (PID=169) to work on /opt/airflow/dags/ad_events_pipeline.py
[2026-01-24T19:53:37.062+0000] {processor.py:830} INFO - Processing file /opt/airflow/dags/ad_events_pipeline.py for tasks to queue
[2026-01-24T19:53:37.063+0000] {logging_mixin.py:188} INFO - [2026-01-24T19:53:37.063+0000] {dagbag.py:545} INFO - Filling up the DagBag from /opt/airflow/dags/ad_events_pipeline.py
[2026-01-24T19:53:37.072+0000] {processor.py:840} INFO - DAG(s) 'ad_events_pipeline' retrieved from /opt/airflow/dags/ad_events_pipeline.py
[2026-01-24T19:53:37.095+0000] {logging_mixin.py:188} INFO - [2026-01-24T19:53:37.095+0000] {dag.py:3089} INFO - Sync 1 DAGs
[2026-01-24T19:53:37.103+0000] {logging_mixin.py:188} INFO - [2026-01-24T19:53:37.102+0000] {dag.py:3947} INFO - Setting next_dagrun for ad_events_pipeline to None, run_after=None
[2026-01-24T19:53:37.111+0000] {processor.py:183} INFO - Processing /opt/airflow/dags/ad_events_pipeline.py took 0.056 seconds
[2026-01-24T19:54:07.284+0000] {processor.py:161} INFO - Started process (PID=174) to work on /opt/airflow/dags/ad_events_pipeline.py
[2026-01-24T19:54:07.285+0000] {processor.py:830} INFO - Processing file /opt/airflow/dags/ad_events_pipeline.py for tasks to queue
[2026-01-24T19:54:07.287+0000] {logging_mixin.py:188} INFO - [2026-01-24T19:54:07.287+0000] {dagbag.py:545} INFO - Filling up the DagBag from /opt/airflow/dags/ad_events_pipeline.py
[2026-01-24T19:54:07.297+0000] {processor.py:840} INFO - DAG(s) 'ad_events_pipeline' retrieved from /opt/airflow/dags/ad_events_pipeline.py
[2026-01-24T19:54:07.323+0000] {logging_mixin.py:188} INFO - [2026-01-24T19:54:07.323+0000] {dag.py:3089} INFO - Sync 1 DAGs
[2026-01-24T19:54:07.331+0000] {logging_mixin.py:188} INFO - [2026-01-24T19:54:07.331+0000] {dag.py:3947} INFO - Setting next_dagrun for ad_events_pipeline to None, run_after=None
[2026-01-24T19:54:07.340+0000] {processor.py:183} INFO - Processing /opt/airflow/dags/ad_events_pipeline.py took 0.063 seconds
[2026-01-24T19:54:37.552+0000] {processor.py:161} INFO - Started process (PID=179) to work on /opt/airflow/dags/ad_events_pipeline.py
[2026-01-24T19:54:37.553+0000] {processor.py:830} INFO - Processing file /opt/airflow/dags/ad_events_pipeline.py for tasks to queue
[2026-01-24T19:54:37.554+0000] {logging_mixin.py:188} INFO - [2026-01-24T19:54:37.554+0000] {dagbag.py:545} INFO - Filling up the DagBag from /opt/airflow/dags/ad_events_pipeline.py
[2026-01-24T19:54:37.563+0000] {processor.py:840} INFO - DAG(s) 'ad_events_pipeline' retrieved from /opt/airflow/dags/ad_events_pipeline.py
[2026-01-24T19:54:37.592+0000] {logging_mixin.py:188} INFO - [2026-01-24T19:54:37.592+0000] {dag.py:3089} INFO - Sync 1 DAGs
[2026-01-24T19:54:37.601+0000] {logging_mixin.py:188} INFO - [2026-01-24T19:54:37.601+0000] {dag.py:3947} INFO - Setting next_dagrun for ad_events_pipeline to None, run_after=None
[2026-01-24T19:54:37.612+0000] {processor.py:183} INFO - Processing /opt/airflow/dags/ad_events_pipeline.py took 0.065 seconds
[2026-01-24T19:55:07.813+0000] {processor.py:161} INFO - Started process (PID=184) to work on /opt/airflow/dags/ad_events_pipeline.py
[2026-01-24T19:55:07.814+0000] {processor.py:830} INFO - Processing file /opt/airflow/dags/ad_events_pipeline.py for tasks to queue
[2026-01-24T19:55:07.816+0000] {logging_mixin.py:188} INFO - [2026-01-24T19:55:07.815+0000] {dagbag.py:545} INFO - Filling up the DagBag from /opt/airflow/dags/ad_events_pipeline.py
[2026-01-24T19:55:07.827+0000] {processor.py:840} INFO - DAG(s) 'ad_events_pipeline' retrieved from /opt/airflow/dags/ad_events_pipeline.py
[2026-01-24T19:55:07.851+0000] {logging_mixin.py:188} INFO - [2026-01-24T19:55:07.851+0000] {dag.py:3089} INFO - Sync 1 DAGs
[2026-01-24T19:55:07.858+0000] {logging_mixin.py:188} INFO - [2026-01-24T19:55:07.858+0000] {dag.py:3947} INFO - Setting next_dagrun for ad_events_pipeline to None, run_after=None
[2026-01-24T19:55:07.867+0000] {processor.py:183} INFO - Processing /opt/airflow/dags/ad_events_pipeline.py took 0.061 seconds
[2026-01-24T19:55:38.115+0000] {processor.py:161} INFO - Started process (PID=189) to work on /opt/airflow/dags/ad_events_pipeline.py
[2026-01-24T19:55:38.116+0000] {processor.py:830} INFO - Processing file /opt/airflow/dags/ad_events_pipeline.py for tasks to queue
[2026-01-24T19:55:38.118+0000] {logging_mixin.py:188} INFO - [2026-01-24T19:55:38.118+0000] {dagbag.py:545} INFO - Filling up the DagBag from /opt/airflow/dags/ad_events_pipeline.py
[2026-01-24T19:55:38.126+0000] {processor.py:840} INFO - DAG(s) 'ad_events_pipeline' retrieved from /opt/airflow/dags/ad_events_pipeline.py
[2026-01-24T19:55:38.150+0000] {logging_mixin.py:188} INFO - [2026-01-24T19:55:38.150+0000] {dag.py:3089} INFO - Sync 1 DAGs
[2026-01-24T19:55:38.158+0000] {logging_mixin.py:188} INFO - [2026-01-24T19:55:38.158+0000] {dag.py:3947} INFO - Setting next_dagrun for ad_events_pipeline to None, run_after=None
[2026-01-24T19:55:38.167+0000] {processor.py:183} INFO - Processing /opt/airflow/dags/ad_events_pipeline.py took 0.057 seconds
[2026-01-24T19:56:08.384+0000] {processor.py:161} INFO - Started process (PID=194) to work on /opt/airflow/dags/ad_events_pipeline.py
[2026-01-24T19:56:08.385+0000] {processor.py:830} INFO - Processing file /opt/airflow/dags/ad_events_pipeline.py for tasks to queue
[2026-01-24T19:56:08.387+0000] {logging_mixin.py:188} INFO - [2026-01-24T19:56:08.387+0000] {dagbag.py:545} INFO - Filling up the DagBag from /opt/airflow/dags/ad_events_pipeline.py
[2026-01-24T19:56:08.395+0000] {processor.py:840} INFO - DAG(s) 'ad_events_pipeline' retrieved from /opt/airflow/dags/ad_events_pipeline.py
[2026-01-24T19:56:08.418+0000] {logging_mixin.py:188} INFO - [2026-01-24T19:56:08.418+0000] {dag.py:3089} INFO - Sync 1 DAGs
[2026-01-24T19:56:08.426+0000] {logging_mixin.py:188} INFO - [2026-01-24T19:56:08.425+0000] {dag.py:3947} INFO - Setting next_dagrun for ad_events_pipeline to None, run_after=None
[2026-01-24T19:56:08.435+0000] {processor.py:183} INFO - Processing /opt/airflow/dags/ad_events_pipeline.py took 0.056 seconds
[2026-01-24T19:56:38.646+0000] {processor.py:161} INFO - Started process (PID=199) to work on /opt/airflow/dags/ad_events_pipeline.py
[2026-01-24T19:56:38.647+0000] {processor.py:830} INFO - Processing file /opt/airflow/dags/ad_events_pipeline.py for tasks to queue
[2026-01-24T19:56:38.648+0000] {logging_mixin.py:188} INFO - [2026-01-24T19:56:38.648+0000] {dagbag.py:545} INFO - Filling up the DagBag from /opt/airflow/dags/ad_events_pipeline.py
[2026-01-24T19:56:38.657+0000] {processor.py:840} INFO - DAG(s) 'ad_events_pipeline' retrieved from /opt/airflow/dags/ad_events_pipeline.py
[2026-01-24T19:56:38.679+0000] {logging_mixin.py:188} INFO - [2026-01-24T19:56:38.679+0000] {dag.py:3089} INFO - Sync 1 DAGs
[2026-01-24T19:56:38.686+0000] {logging_mixin.py:188} INFO - [2026-01-24T19:56:38.686+0000] {dag.py:3947} INFO - Setting next_dagrun for ad_events_pipeline to None, run_after=None
[2026-01-24T19:56:38.694+0000] {processor.py:183} INFO - Processing /opt/airflow/dags/ad_events_pipeline.py took 0.054 seconds
[2026-01-24T19:57:08.906+0000] {processor.py:161} INFO - Started process (PID=204) to work on /opt/airflow/dags/ad_events_pipeline.py
[2026-01-24T19:57:08.907+0000] {processor.py:830} INFO - Processing file /opt/airflow/dags/ad_events_pipeline.py for tasks to queue
[2026-01-24T19:57:08.908+0000] {logging_mixin.py:188} INFO - [2026-01-24T19:57:08.908+0000] {dagbag.py:545} INFO - Filling up the DagBag from /opt/airflow/dags/ad_events_pipeline.py
[2026-01-24T19:57:08.913+0000] {processor.py:840} INFO - DAG(s) 'ad_events_pipeline' retrieved from /opt/airflow/dags/ad_events_pipeline.py
[2026-01-24T19:57:08.929+0000] {logging_mixin.py:188} INFO - [2026-01-24T19:57:08.928+0000] {dag.py:3089} INFO - Sync 1 DAGs
[2026-01-24T19:57:08.935+0000] {logging_mixin.py:188} INFO - [2026-01-24T19:57:08.934+0000] {dag.py:3947} INFO - Setting next_dagrun for ad_events_pipeline to None, run_after=None
[2026-01-24T19:57:08.942+0000] {processor.py:183} INFO - Processing /opt/airflow/dags/ad_events_pipeline.py took 0.039 seconds
[2026-01-24T19:57:39.169+0000] {processor.py:161} INFO - Started process (PID=209) to work on /opt/airflow/dags/ad_events_pipeline.py
[2026-01-24T19:57:39.170+0000] {processor.py:830} INFO - Processing file /opt/airflow/dags/ad_events_pipeline.py for tasks to queue
[2026-01-24T19:57:39.173+0000] {logging_mixin.py:188} INFO - [2026-01-24T19:57:39.172+0000] {dagbag.py:545} INFO - Filling up the DagBag from /opt/airflow/dags/ad_events_pipeline.py
[2026-01-24T19:57:39.181+0000] {processor.py:840} INFO - DAG(s) 'ad_events_pipeline' retrieved from /opt/airflow/dags/ad_events_pipeline.py
[2026-01-24T19:57:39.205+0000] {logging_mixin.py:188} INFO - [2026-01-24T19:57:39.204+0000] {dag.py:3089} INFO - Sync 1 DAGs
[2026-01-24T19:57:39.212+0000] {logging_mixin.py:188} INFO - [2026-01-24T19:57:39.212+0000] {dag.py:3947} INFO - Setting next_dagrun for ad_events_pipeline to None, run_after=None
[2026-01-24T19:57:39.221+0000] {processor.py:183} INFO - Processing /opt/airflow/dags/ad_events_pipeline.py took 0.058 seconds
[2026-01-24T19:58:09.445+0000] {processor.py:161} INFO - Started process (PID=214) to work on /opt/airflow/dags/ad_events_pipeline.py
[2026-01-24T19:58:09.445+0000] {processor.py:830} INFO - Processing file /opt/airflow/dags/ad_events_pipeline.py for tasks to queue
[2026-01-24T19:58:09.447+0000] {logging_mixin.py:188} INFO - [2026-01-24T19:58:09.446+0000] {dagbag.py:545} INFO - Filling up the DagBag from /opt/airflow/dags/ad_events_pipeline.py
[2026-01-24T19:58:09.453+0000] {processor.py:840} INFO - DAG(s) 'ad_events_pipeline' retrieved from /opt/airflow/dags/ad_events_pipeline.py
[2026-01-24T19:58:09.475+0000] {logging_mixin.py:188} INFO - [2026-01-24T19:58:09.475+0000] {dag.py:3089} INFO - Sync 1 DAGs
[2026-01-24T19:58:09.483+0000] {logging_mixin.py:188} INFO - [2026-01-24T19:58:09.483+0000] {dag.py:3947} INFO - Setting next_dagrun for ad_events_pipeline to None, run_after=None
[2026-01-24T19:58:09.493+0000] {processor.py:183} INFO - Processing /opt/airflow/dags/ad_events_pipeline.py took 0.053 seconds
[2026-01-24T19:58:39.678+0000] {processor.py:161} INFO - Started process (PID=219) to work on /opt/airflow/dags/ad_events_pipeline.py
[2026-01-24T19:58:39.679+0000] {processor.py:830} INFO - Processing file /opt/airflow/dags/ad_events_pipeline.py for tasks to queue
[2026-01-24T19:58:39.680+0000] {logging_mixin.py:188} INFO - [2026-01-24T19:58:39.680+0000] {dagbag.py:545} INFO - Filling up the DagBag from /opt/airflow/dags/ad_events_pipeline.py
[2026-01-24T19:58:39.685+0000] {processor.py:840} INFO - DAG(s) 'ad_events_pipeline' retrieved from /opt/airflow/dags/ad_events_pipeline.py
[2026-01-24T19:58:39.704+0000] {logging_mixin.py:188} INFO - [2026-01-24T19:58:39.704+0000] {dag.py:3089} INFO - Sync 1 DAGs
[2026-01-24T19:58:39.710+0000] {logging_mixin.py:188} INFO - [2026-01-24T19:58:39.709+0000] {dag.py:3947} INFO - Setting next_dagrun for ad_events_pipeline to None, run_after=None
[2026-01-24T19:58:39.719+0000] {processor.py:183} INFO - Processing /opt/airflow/dags/ad_events_pipeline.py took 0.044 seconds
[2026-01-24T19:59:09.956+0000] {processor.py:161} INFO - Started process (PID=224) to work on /opt/airflow/dags/ad_events_pipeline.py
[2026-01-24T19:59:09.957+0000] {processor.py:830} INFO - Processing file /opt/airflow/dags/ad_events_pipeline.py for tasks to queue
[2026-01-24T19:59:09.958+0000] {logging_mixin.py:188} INFO - [2026-01-24T19:59:09.958+0000] {dagbag.py:545} INFO - Filling up the DagBag from /opt/airflow/dags/ad_events_pipeline.py
[2026-01-24T19:59:09.967+0000] {processor.py:840} INFO - DAG(s) 'ad_events_pipeline' retrieved from /opt/airflow/dags/ad_events_pipeline.py
[2026-01-24T19:59:09.992+0000] {logging_mixin.py:188} INFO - [2026-01-24T19:59:09.992+0000] {dag.py:3089} INFO - Sync 1 DAGs
[2026-01-24T19:59:09.999+0000] {logging_mixin.py:188} INFO - [2026-01-24T19:59:09.999+0000] {dag.py:3947} INFO - Setting next_dagrun for ad_events_pipeline to None, run_after=None
[2026-01-24T19:59:10.008+0000] {processor.py:183} INFO - Processing /opt/airflow/dags/ad_events_pipeline.py took 0.058 seconds
[2026-01-24T19:59:40.216+0000] {processor.py:161} INFO - Started process (PID=229) to work on /opt/airflow/dags/ad_events_pipeline.py
[2026-01-24T19:59:40.217+0000] {processor.py:830} INFO - Processing file /opt/airflow/dags/ad_events_pipeline.py for tasks to queue
[2026-01-24T19:59:40.218+0000] {logging_mixin.py:188} INFO - [2026-01-24T19:59:40.218+0000] {dagbag.py:545} INFO - Filling up the DagBag from /opt/airflow/dags/ad_events_pipeline.py
[2026-01-24T19:59:40.223+0000] {processor.py:840} INFO - DAG(s) 'ad_events_pipeline' retrieved from /opt/airflow/dags/ad_events_pipeline.py
[2026-01-24T19:59:40.241+0000] {logging_mixin.py:188} INFO - [2026-01-24T19:59:40.241+0000] {dag.py:3089} INFO - Sync 1 DAGs
[2026-01-24T19:59:40.247+0000] {logging_mixin.py:188} INFO - [2026-01-24T19:59:40.247+0000] {dag.py:3947} INFO - Setting next_dagrun for ad_events_pipeline to None, run_after=None
[2026-01-24T19:59:40.258+0000] {processor.py:183} INFO - Processing /opt/airflow/dags/ad_events_pipeline.py took 0.044 seconds
[2026-01-24T20:00:10.471+0000] {processor.py:161} INFO - Started process (PID=234) to work on /opt/airflow/dags/ad_events_pipeline.py
[2026-01-24T20:00:10.472+0000] {processor.py:830} INFO - Processing file /opt/airflow/dags/ad_events_pipeline.py for tasks to queue
[2026-01-24T20:00:10.473+0000] {logging_mixin.py:188} INFO - [2026-01-24T20:00:10.473+0000] {dagbag.py:545} INFO - Filling up the DagBag from /opt/airflow/dags/ad_events_pipeline.py
[2026-01-24T20:00:10.482+0000] {processor.py:840} INFO - DAG(s) 'ad_events_pipeline' retrieved from /opt/airflow/dags/ad_events_pipeline.py
[2026-01-24T20:00:10.506+0000] {logging_mixin.py:188} INFO - [2026-01-24T20:00:10.505+0000] {dag.py:3089} INFO - Sync 1 DAGs
[2026-01-24T20:00:10.513+0000] {logging_mixin.py:188} INFO - [2026-01-24T20:00:10.513+0000] {dag.py:3947} INFO - Setting next_dagrun for ad_events_pipeline to None, run_after=None
[2026-01-24T20:00:10.522+0000] {processor.py:183} INFO - Processing /opt/airflow/dags/ad_events_pipeline.py took 0.056 seconds
[2026-01-24T20:00:40.711+0000] {processor.py:161} INFO - Started process (PID=239) to work on /opt/airflow/dags/ad_events_pipeline.py
[2026-01-24T20:00:40.712+0000] {processor.py:830} INFO - Processing file /opt/airflow/dags/ad_events_pipeline.py for tasks to queue
[2026-01-24T20:00:40.714+0000] {logging_mixin.py:188} INFO - [2026-01-24T20:00:40.713+0000] {dagbag.py:545} INFO - Filling up the DagBag from /opt/airflow/dags/ad_events_pipeline.py
[2026-01-24T20:00:40.721+0000] {processor.py:840} INFO - DAG(s) 'ad_events_pipeline' retrieved from /opt/airflow/dags/ad_events_pipeline.py
[2026-01-24T20:00:40.743+0000] {logging_mixin.py:188} INFO - [2026-01-24T20:00:40.743+0000] {dag.py:3089} INFO - Sync 1 DAGs
[2026-01-24T20:00:40.750+0000] {logging_mixin.py:188} INFO - [2026-01-24T20:00:40.750+0000] {dag.py:3947} INFO - Setting next_dagrun for ad_events_pipeline to None, run_after=None
[2026-01-24T20:00:40.759+0000] {processor.py:183} INFO - Processing /opt/airflow/dags/ad_events_pipeline.py took 0.053 seconds
[2026-01-24T20:01:10.983+0000] {processor.py:161} INFO - Started process (PID=244) to work on /opt/airflow/dags/ad_events_pipeline.py
[2026-01-24T20:01:10.983+0000] {processor.py:830} INFO - Processing file /opt/airflow/dags/ad_events_pipeline.py for tasks to queue
[2026-01-24T20:01:10.985+0000] {logging_mixin.py:188} INFO - [2026-01-24T20:01:10.985+0000] {dagbag.py:545} INFO - Filling up the DagBag from /opt/airflow/dags/ad_events_pipeline.py
[2026-01-24T20:01:10.993+0000] {processor.py:840} INFO - DAG(s) 'ad_events_pipeline' retrieved from /opt/airflow/dags/ad_events_pipeline.py
[2026-01-24T20:01:11.015+0000] {logging_mixin.py:188} INFO - [2026-01-24T20:01:11.015+0000] {dag.py:3089} INFO - Sync 1 DAGs
[2026-01-24T20:01:11.022+0000] {logging_mixin.py:188} INFO - [2026-01-24T20:01:11.022+0000] {dag.py:3947} INFO - Setting next_dagrun for ad_events_pipeline to None, run_after=None
[2026-01-24T20:01:11.031+0000] {processor.py:183} INFO - Processing /opt/airflow/dags/ad_events_pipeline.py took 0.053 seconds
[2026-01-24T20:01:41.285+0000] {processor.py:161} INFO - Started process (PID=249) to work on /opt/airflow/dags/ad_events_pipeline.py
[2026-01-24T20:01:41.286+0000] {processor.py:830} INFO - Processing file /opt/airflow/dags/ad_events_pipeline.py for tasks to queue
[2026-01-24T20:01:41.289+0000] {logging_mixin.py:188} INFO - [2026-01-24T20:01:41.289+0000] {dagbag.py:545} INFO - Filling up the DagBag from /opt/airflow/dags/ad_events_pipeline.py
[2026-01-24T20:01:41.298+0000] {processor.py:840} INFO - DAG(s) 'ad_events_pipeline' retrieved from /opt/airflow/dags/ad_events_pipeline.py
[2026-01-24T20:01:41.323+0000] {logging_mixin.py:188} INFO - [2026-01-24T20:01:41.323+0000] {dag.py:3089} INFO - Sync 1 DAGs
[2026-01-24T20:01:41.331+0000] {logging_mixin.py:188} INFO - [2026-01-24T20:01:41.331+0000] {dag.py:3947} INFO - Setting next_dagrun for ad_events_pipeline to None, run_after=None
[2026-01-24T20:01:41.340+0000] {processor.py:183} INFO - Processing /opt/airflow/dags/ad_events_pipeline.py took 0.061 seconds
