[2026-01-24T19:53:06.813+0000] {manager.py:470} INFO - Processing files using up to 2 processes at a time 
[2026-01-24T19:53:06.814+0000] {manager.py:471} INFO - Process each file at most once every 30 seconds
[2026-01-24T19:53:06.814+0000] {manager.py:472} INFO - Checking for new files in /opt/airflow/dags every 300 seconds
[2026-01-24T19:53:06.814+0000] {manager.py:737} INFO - Searching for files in /opt/airflow/dags
[2026-01-24T19:53:06.816+0000] {manager.py:740} INFO - There are 1 files in /opt/airflow/dags
[2026-01-24T19:53:06.858+0000] {manager.py:878} INFO - 
================================================================================
DAG File Processing Stats

File Path                                  PID  Runtime      # DAGs    # Errors  Last Runtime    Last Run
---------------------------------------  -----  ---------  --------  ----------  --------------  ----------
/opt/airflow/dags/ad_events_pipeline.py    164  0.02s             0           0
================================================================================
[2026-01-24T19:53:37.049+0000] {manager.py:878} INFO - 
================================================================================
DAG File Processing Stats

File Path                                  PID  Runtime      # DAGs    # Errors  Last Runtime    Last Run
---------------------------------------  -----  ---------  --------  ----------  --------------  -------------------
/opt/airflow/dags/ad_events_pipeline.py    169  0.00s             1           0  0.18s           2026-01-24T19:53:07
================================================================================
[2026-01-24T19:54:07.271+0000] {manager.py:878} INFO - 
================================================================================
DAG File Processing Stats

File Path                                  PID  Runtime      # DAGs    # Errors  Last Runtime    Last Run
---------------------------------------  -----  ---------  --------  ----------  --------------  -------------------
/opt/airflow/dags/ad_events_pipeline.py    174  0.00s             1           0  0.07s           2026-01-24T19:53:37
================================================================================
[2026-01-24T19:54:37.542+0000] {manager.py:878} INFO - 
================================================================================
DAG File Processing Stats

File Path                                  PID  Runtime      # DAGs    # Errors  Last Runtime    Last Run
---------------------------------------  -----  ---------  --------  ----------  --------------  -------------------
/opt/airflow/dags/ad_events_pipeline.py    179  0.00s             1           0  0.08s           2026-01-24T19:54:07
================================================================================
[2026-01-24T19:55:07.799+0000] {manager.py:878} INFO - 
================================================================================
DAG File Processing Stats

File Path                                  PID  Runtime      # DAGs    # Errors  Last Runtime    Last Run
---------------------------------------  -----  ---------  --------  ----------  --------------  -------------------
/opt/airflow/dags/ad_events_pipeline.py    184  0.00s             1           0  0.08s           2026-01-24T19:54:37
================================================================================
[2026-01-24T19:55:38.102+0000] {manager.py:878} INFO - 
================================================================================
DAG File Processing Stats

File Path                                  PID  Runtime      # DAGs    # Errors  Last Runtime    Last Run
---------------------------------------  -----  ---------  --------  ----------  --------------  -------------------
/opt/airflow/dags/ad_events_pipeline.py    189  0.00s             1           0  0.08s           2026-01-24T19:55:07
================================================================================
[2026-01-24T19:56:08.372+0000] {manager.py:878} INFO - 
================================================================================
DAG File Processing Stats

File Path                                  PID  Runtime      # DAGs    # Errors  Last Runtime    Last Run
---------------------------------------  -----  ---------  --------  ----------  --------------  -------------------
/opt/airflow/dags/ad_events_pipeline.py    194  0.00s             1           0  0.07s           2026-01-24T19:55:38
================================================================================
[2026-01-24T19:56:38.635+0000] {manager.py:878} INFO - 
================================================================================
DAG File Processing Stats

File Path                                  PID  Runtime      # DAGs    # Errors  Last Runtime    Last Run
---------------------------------------  -----  ---------  --------  ----------  --------------  -------------------
/opt/airflow/dags/ad_events_pipeline.py    199  0.00s             1           0  0.07s           2026-01-24T19:56:08
================================================================================
[2026-01-24T19:57:08.900+0000] {manager.py:878} INFO - 
================================================================================
DAG File Processing Stats

File Path                                  PID  Runtime      # DAGs    # Errors  Last Runtime    Last Run
---------------------------------------  -----  ---------  --------  ----------  --------------  -------------------
/opt/airflow/dags/ad_events_pipeline.py    204  0.00s             1           0  0.07s           2026-01-24T19:56:38
================================================================================
[2026-01-24T19:57:39.157+0000] {manager.py:878} INFO - 
================================================================================
DAG File Processing Stats

File Path                                  PID  Runtime      # DAGs    # Errors  Last Runtime    Last Run
---------------------------------------  -----  ---------  --------  ----------  --------------  -------------------
/opt/airflow/dags/ad_events_pipeline.py    209  0.00s             1           0  0.05s           2026-01-24T19:57:08
================================================================================
[2026-01-24T19:58:07.397+0000] {manager.py:737} INFO - Searching for files in /opt/airflow/dags
[2026-01-24T19:58:07.405+0000] {manager.py:740} INFO - There are 1 files in /opt/airflow/dags
[2026-01-24T19:58:09.434+0000] {manager.py:878} INFO - 
================================================================================
DAG File Processing Stats

File Path                                  PID  Runtime      # DAGs    # Errors  Last Runtime    Last Run
---------------------------------------  -----  ---------  --------  ----------  --------------  -------------------
/opt/airflow/dags/ad_events_pipeline.py    214  0.00s             1           0  0.07s           2026-01-24T19:57:39
================================================================================
[2026-01-24T19:58:39.669+0000] {manager.py:878} INFO - 
================================================================================
DAG File Processing Stats

File Path                                  PID  Runtime      # DAGs    # Errors  Last Runtime    Last Run
---------------------------------------  -----  ---------  --------  ----------  --------------  -------------------
/opt/airflow/dags/ad_events_pipeline.py    219  0.00s             1           0  0.07s           2026-01-24T19:58:09
================================================================================
[2026-01-24T19:59:09.942+0000] {manager.py:878} INFO - 
================================================================================
DAG File Processing Stats

File Path                                  PID  Runtime      # DAGs    # Errors  Last Runtime    Last Run
---------------------------------------  -----  ---------  --------  ----------  --------------  -------------------
/opt/airflow/dags/ad_events_pipeline.py    224  0.00s             1           0  0.06s           2026-01-24T19:58:39
================================================================================
[2026-01-24T19:59:40.210+0000] {manager.py:878} INFO - 
================================================================================
DAG File Processing Stats

File Path                                  PID  Runtime      # DAGs    # Errors  Last Runtime    Last Run
---------------------------------------  -----  ---------  --------  ----------  --------------  -------------------
/opt/airflow/dags/ad_events_pipeline.py    229  0.00s             1           0  0.08s           2026-01-24T19:59:10
================================================================================
[2026-01-24T20:00:10.462+0000] {manager.py:878} INFO - 
================================================================================
DAG File Processing Stats

File Path                                  PID  Runtime      # DAGs    # Errors  Last Runtime    Last Run
---------------------------------------  -----  ---------  --------  ----------  --------------  -------------------
/opt/airflow/dags/ad_events_pipeline.py    234  0.00s             1           0  0.06s           2026-01-24T19:59:40
================================================================================
[2026-01-24T20:00:40.700+0000] {manager.py:878} INFO - 
================================================================================
DAG File Processing Stats

File Path                                  PID  Runtime      # DAGs    # Errors  Last Runtime    Last Run
---------------------------------------  -----  ---------  --------  ----------  --------------  -------------------
/opt/airflow/dags/ad_events_pipeline.py    239  0.00s             1           0  0.07s           2026-01-24T20:00:10
================================================================================
[2026-01-24T20:01:10.972+0000] {manager.py:878} INFO - 
================================================================================
DAG File Processing Stats

File Path                                  PID  Runtime      # DAGs    # Errors  Last Runtime    Last Run
---------------------------------------  -----  ---------  --------  ----------  --------------  -------------------
/opt/airflow/dags/ad_events_pipeline.py    244  0.00s             1           0  0.07s           2026-01-24T20:00:40
================================================================================
[2026-01-24T20:01:41.272+0000] {manager.py:878} INFO - 
================================================================================
DAG File Processing Stats

File Path                                  PID  Runtime      # DAGs    # Errors  Last Runtime    Last Run
---------------------------------------  -----  ---------  --------  ----------  --------------  -------------------
/opt/airflow/dags/ad_events_pipeline.py    249  0.01s             1           0  0.07s           2026-01-24T20:01:11
================================================================================
